Partial/Required:  7.21, Required:    400.0, Partial:  2882.16, Net: _04096_, Pin: _16880_/A1, Layer: met3
Partial/Required:  5.75, Required:    400.0, Partial:  2300.95, Net: _08959_, Pin: _12491_/A, Layer: met3
Partial/Required:  4.51, Required:    400.0, Partial:  1805.97, Net: _04502_, Pin: _18635_/A, Layer: met3
Partial/Required:  3.31, Required:    400.0, Partial:  1323.56, Net: _11560_, Pin: _15096_/D, Layer: met3
Partial/Required:  3.20, Required:    400.0, Partial:  1279.62, Net: _10315_, Pin: _13862_/B, Layer: met3
Partial/Required:  2.81, Required:    400.0, Partial:  1125.08, Net: _07618_, Pin: _22890_/B, Layer: met3
Partial/Required:  2.80, Required:    400.0, Partial:  1120.33, Net: _05569_, Pin: _19162_/A0, Layer: met2
Partial/Required:  2.79, Required:    400.0, Partial:  1117.76, Net: _05632_, Pin: _19351_/A0, Layer: met3
Partial/Required:  2.79, Required:    400.0, Partial:  1117.76, Net: _05632_, Pin: _19327_/A0, Layer: met3
Partial/Required:  2.79, Required:    400.0, Partial:  1117.76, Net: _05632_, Pin: _19269_/A0, Layer: met3
Partial/Required:  2.46, Required:    400.0, Partial:   983.44, Net: _04098_, Pin: _24246_/A1, Layer: met1
Partial/Required:  2.42, Required:    400.0, Partial:   966.73, Net: _04501_, Pin: _17610_/A0, Layer: met3
Partial/Required:  2.36, Required:    400.0, Partial:   945.14, Net: _06784_, Pin: _22482_/A, Layer: met3
Partial/Required:  2.36, Required:    400.0, Partial:   945.14, Net: _06784_, Pin: _22793_/A, Layer: met3
Partial/Required:  2.36, Required:    400.0, Partial:   945.14, Net: _06784_, Pin: _23110_/A, Layer: met3
Partial/Required:  2.32, Required:    400.0, Partial:    929.9, Net: _04849_, Pin: _17950_/A1, Layer: met3
Partial/Required:  2.24, Required:    400.0, Partial:   894.86, Net: _04710_, Pin: _17763_/A1, Layer: met3
Partial/Required:  2.23, Required:    400.0, Partial:   892.32, Net: _04348_, Pin: _17114_/A1, Layer: met3
Partial/Required:  2.15, Required:    400.0, Partial:   859.81, Net: _08835_, Pin: _12821_/B, Layer: met3
Partial/Required:  2.07, Required:    400.0, Partial:   827.72, Net: _09414_, Pin: _15152_/B, Layer: met3
Partial/Required:  2.07, Required:    400.0, Partial:   827.72, Net: _09414_, Pin: _14850_/B, Layer: met3
Partial/Required:  2.07, Required:    400.0, Partial:   827.72, Net: _09414_, Pin: _15454_/B, Layer: met3
Partial/Required:  2.05, Required:    400.0, Partial:   820.19, Net: _05509_, Pin: _19220_/A1, Layer: met3
Partial/Required:  2.01, Required:    400.0, Partial:   805.52, Net: _05380_, Pin: _18960_/A0, Layer: met3
Partial/Required:  2.01, Required:    400.0, Partial:   805.52, Net: _05380_, Pin: _18941_/A0, Layer: met3
Partial/Required:  1.99, Required:    400.0, Partial:   794.44, Net: _05267_, Pin: _18894_/A1, Layer: met1
Partial/Required:  1.98, Required:    400.0, Partial:   790.69, Net: _12143_, Pin: _15927_/A, Layer: met3
Partial/Required:  1.96, Required:    400.0, Partial:   783.56, Net: _05914_, Pin: _21025_/A, Layer: met3
Partial/Required:  1.96, Required:    400.0, Partial:   783.56, Net: _05914_, Pin: _20707_/A, Layer: met3
Partial/Required:  1.95, Required:    400.0, Partial:   781.02, Net: _05710_, Pin: _24205_/A, Layer: met3
Partial/Required:  1.95, Required:    400.0, Partial:   781.02, Net: _05710_, Pin: _21686_/A, Layer: met3
Partial/Required:  1.93, Required:    400.0, Partial:   771.94, Net: _04611_, Pin: _17553_/A1, Layer: met3
Partial/Required:  1.93, Required:    400.0, Partial:   771.94, Net: _04611_, Pin: _17652_/A1, Layer: met3
Partial/Required:  1.89, Required:    400.0, Partial:   755.01, Net: _04329_, Pin: _17725_/A, Layer: met3
Partial/Required:  1.88, Required:    400.0, Partial:   752.13, Net: _10923_, Pin: _14520_/A, Layer: met3
Partial/Required:  1.86, Required:    400.0, Partial:    744.0, Net: _04502_, Pin: _18000_/A, Layer: met3
Partial/Required:  1.83, Required:    400.0, Partial:   732.49, Net: _04411_, Pin: _17374_/A0, Layer: met3
Partial/Required:  1.83, Required:    400.0, Partial:   732.49, Net: _04411_, Pin: _17452_/A0, Layer: met3
Partial/Required:  1.83, Required:    400.0, Partial:   732.49, Net: _04411_, Pin: _17511_/A0, Layer: met3
Partial/Required:  1.83, Required:    400.0, Partial:   731.05, Net: _08898_, Pin: _15344_/B, Layer: met3
Partial/Required:  1.83, Required:    400.0, Partial:   731.05, Net: _08898_, Pin: _15042_/B, Layer: met3
Partial/Required:  1.83, Required:    400.0, Partial:   731.05, Net: _08898_, Pin: _13377_/B, Layer: met3
Partial/Required:  1.83, Required:    400.0, Partial:   731.05, Net: _08898_, Pin: _12738_/B, Layer: met3
Partial/Required:  1.83, Required:    400.0, Partial:   731.05, Net: _08898_, Pin: _13742_/B, Layer: met3
Partial/Required:  1.83, Required:    400.0, Partial:   730.05, Net: _11731_, Pin: _15268_/C1, Layer: met3
Partial/Required:  1.80, Required:    400.0, Partial:   720.25, Net: _04379_, Pin: _17242_/A1, Layer: met3
Partial/Required:  1.80, Required:    400.0, Partial:   720.25, Net: _04379_, Pin: _17261_/A1, Layer: met3
Partial/Required:  1.79, Required:    400.0, Partial:   717.33, Net: _03728_, Pin: _16355_/A, Layer: met3
Partial/Required:  1.75, Required:    400.0, Partial:   701.27, Net: _04377_, Pin: _17240_/A1, Layer: met3
Partial/Required:  1.75, Required:    400.0, Partial:   701.27, Net: _04377_, Pin: _17259_/A1, Layer: met3
Partial/Required:  1.74, Required:    400.0, Partial:   695.87, Net: _05847_, Pin: _19644_/B, Layer: met3
Partial/Required:  1.72, Required:    400.0, Partial:   689.43, Net: _04501_, Pin: _17372_/A0, Layer: met3
Partial/Required:  1.72, Required:    400.0, Partial:   689.43, Net: _04501_, Pin: _17450_/A0, Layer: met3
Partial/Required:  1.72, Required:    400.0, Partial:   689.43, Net: _04501_, Pin: _17509_/A0, Layer: met3
Partial/Required:  1.72, Required:    400.0, Partial:   689.43, Net: _04501_, Pin: _17491_/A0, Layer: met3
Partial/Required:  1.72, Required:    400.0, Partial:   687.44, Net: _06733_, Pin: _22398_/A, Layer: met1
Partial/Required:  1.69, Required:      6.0, Partial:    10.16, Net: _04457_, Pin: _17533_/A0, Layer: li1
Partial/Required:  1.62, Required:    400.0, Partial:   647.24, Net: _06595_, Pin: _21085_/A1, Layer: met3
Partial/Required:  1.59, Required:    400.0, Partial:   634.22, Net: _07227_, Pin: _22890_/A, Layer: met1
Partial/Required:  1.58, Required:    400.0, Partial:   631.08, Net: _08985_, Pin: _12515_/B, Layer: met3
Partial/Required:  1.58, Required:    400.0, Partial:   631.08, Net: _08985_, Pin: _13303_/B, Layer: met3
Partial/Required:  1.58, Required:    400.0, Partial:   631.08, Net: _08985_, Pin: _14042_/B, Layer: met3
Partial/Required:  1.58, Required:    400.0, Partial:   631.08, Net: _08985_, Pin: _13670_/B, Layer: met3
Partial/Required:  1.56, Required:    400.0, Partial:   624.26, Net: _08745_, Pin: _14974_/A2, Layer: met3
Partial/Required:  1.56, Required:    400.0, Partial:   624.26, Net: _08745_, Pin: _15276_/A2, Layer: met3
Partial/Required:  1.55, Required:    400.0, Partial:    621.9, Net: _06231_, Pin: _20277_/A0, Layer: met3
Partial/Required:  1.55, Required:    400.0, Partial:    621.9, Net: _06231_, Pin: _20295_/A0, Layer: met3
Partial/Required:  1.55, Required:    400.0, Partial:   618.44, Net: _05794_, Pin: _19584_/A1, Layer: met1
Partial/Required:  1.52, Required:    400.0, Partial:   609.03, Net: _03707_, Pin: _16277_/B1, Layer: met3
Partial/Required:  1.46, Required:    400.0, Partial:   584.93, Net: _08787_, Pin: _13927_/A, Layer: met3
Partial/Required:  1.46, Required:    400.0, Partial:   584.93, Net: _08787_, Pin: _13117_/A, Layer: met3
Partial/Required:  1.46, Required:    400.0, Partial:   584.93, Net: _08787_, Pin: _12317_/A, Layer: met3
Partial/Required:  1.46, Required:    400.0, Partial:   584.93, Net: _08787_, Pin: _13833_/A, Layer: met3
Partial/Required:  1.46, Required:    400.0, Partial:   583.87, Net: _04352_, Pin: _17244_/A1, Layer: met3
Partial/Required:  1.46, Required:    400.0, Partial:   583.87, Net: _04352_, Pin: _17263_/A1, Layer: met3
Partial/Required:  1.42, Required:    400.0, Partial:   568.25, Net: _05864_, Pin: _19670_/A1, Layer: met3
Partial/Required:  1.42, Required:    400.0, Partial:   566.43, Net: _06474_, Pin: _20830_/B, Layer: met3
Partial/Required:  1.42, Required:    400.0, Partial:   566.43, Net: _06474_, Pin: _20903_/B, Layer: met3
Partial/Required:  1.42, Required:    400.0, Partial:   566.43, Net: _06474_, Pin: _20921_/B, Layer: met3
Partial/Required:  1.39, Required:    400.0, Partial:   555.55, Net: _08761_, Pin: _12606_/A, Layer: met2
Partial/Required:  1.38, Required:    400.0, Partial:   552.11, Net: _04133_, Pin: _19644_/A, Layer: met1
Partial/Required:  1.38, Required:    400.0, Partial:   551.75, Net: _03784_, Pin: _16354_/D, Layer: met3
Partial/Required:  1.35, Required:    400.0, Partial:   541.11, Net: _04382_, Pin: _17265_/A1, Layer: met2
Partial/Required:  1.34, Required:    400.0, Partial:   536.61, Net: _04742_, Pin: _18124_/A1, Layer: met2
Partial/Required:  1.34, Required:    400.0, Partial:   534.95, Net: _05860_, Pin: _22216_/A, Layer: met3
Partial/Required:  1.34, Required:    400.0, Partial:   534.95, Net: _05860_, Pin: _20940_/A, Layer: met3
Partial/Required:  1.33, Required:    400.0, Partial:   533.71, Net: _06708_, Pin: _21083_/A1, Layer: met3
Partial/Required:  1.33, Required:    400.0, Partial:   530.29, Net: _06529_, Pin: _20795_/A1, Layer: met3
Partial/Required:  1.33, Required:    400.0, Partial:   530.29, Net: _06529_, Pin: _20776_/A1, Layer: met3
Partial/Required:  1.32, Required:    400.0, Partial:   527.11, Net: _07176_, Pin: _22500_/A, Layer: met3
Partial/Required:  1.32, Required:    400.0, Partial:   527.11, Net: _07176_, Pin: _21861_/A, Layer: met3
Partial/Required:  1.32, Required:    400.0, Partial:   527.11, Net: _07176_, Pin: _22180_/A, Layer: met3
Partial/Required:  1.32, Required:    400.0, Partial:   527.11, Net: _07176_, Pin: _22814_/A, Layer: met3
Partial/Required:  1.32, Required:    400.0, Partial:   527.11, Net: _07176_, Pin: _23128_/A, Layer: met3
Partial/Required:  1.31, Required:    400.0, Partial:   522.89, Net: _07046_, Pin: _21965_/A, Layer: met3
Partial/Required:  1.31, Required:    400.0, Partial:   522.89, Net: _07046_, Pin: _21645_/A, Layer: met3
Partial/Required:  1.31, Required:    400.0, Partial:   522.89, Net: _07046_, Pin: _22276_/A, Layer: met3
Partial/Required:  1.31, Required:    400.0, Partial:   522.89, Net: _07046_, Pin: _22911_/A, Layer: met3
Partial/Required:  1.30, Required:    400.0, Partial:   518.44, Net: _04379_, Pin: _17338_/A1, Layer: met3
Partial/Required:  1.30, Required:    400.0, Partial:   518.44, Net: _04379_, Pin: _17279_/A1, Layer: met3
Partial/Required:  1.30, Required:    400.0, Partial:   518.44, Net: _04379_, Pin: _17319_/A1, Layer: met3
Partial/Required:  1.30, Required:    400.0, Partial:   518.44, Net: _04379_, Pin: _17163_/A1, Layer: met3
Partial/Required:  1.29, Required:    400.0, Partial:   514.62, Net: _04069_, Pin: _21441_/A, Layer: met3
Partial/Required:  1.29, Required:    400.0, Partial:   514.62, Net: _04069_, Pin: _22336_/A, Layer: met3
Partial/Required:  1.28, Required:    400.0, Partial:   512.78, Net: _04105_, Pin: _16792_/A0, Layer: met1
Partial/Required:  1.28, Required:    400.0, Partial:   510.89, Net: _04480_, Pin: _17435_/A1, Layer: met1
Partial/Required:  1.28, Required:    400.0, Partial:   510.57, Net: _05287_, Pin: _18688_/A0, Layer: met3
Partial/Required:  1.28, Required:    400.0, Partial:   510.57, Net: _05287_, Pin: _18767_/A0, Layer: met3
Partial/Required:  1.28, Required:    400.0, Partial:   510.57, Net: _05287_, Pin: _18709_/A0, Layer: met3
Partial/Required:  1.28, Required:    400.0, Partial:   510.57, Net: _05287_, Pin: _18807_/A0, Layer: met3
Partial/Required:  1.27, Required:    400.0, Partial:   509.22, Net: _04643_, Pin: _17606_/A1, Layer: met1
Partial/Required:  1.27, Required:    400.0, Partial:   508.19, Net: _04829_, Pin: _17917_/A0, Layer: met3
Partial/Required:  1.26, Required:    400.0, Partial:   504.51, Net: _05182_, Pin: _18667_/A1, Layer: met3
Partial/Required:  1.26, Required:    400.0, Partial:   504.51, Net: _05182_, Pin: _18825_/A1, Layer: met3
Partial/Required:  1.26, Required:    400.0, Partial:   504.51, Net: _05182_, Pin: _18511_/A1, Layer: met3
Partial/Required:  1.26, Required:    400.0, Partial:   504.08, Net: _08904_, Pin: _15312_/B, Layer: met3
Partial/Required:  1.26, Required:    400.0, Partial:   504.08, Net: _08904_, Pin: _14708_/B, Layer: met3
Partial/Required:  1.26, Required:    400.0, Partial:   504.08, Net: _08904_, Pin: _15010_/B, Layer: met3
Partial/Required:  1.26, Required:    400.0, Partial:   503.61, Net: _08988_, Pin: _14043_/C, Layer: met1
Partial/Required:  1.24, Required:    400.0, Partial:   495.94, Net: _05914_, Pin: _20079_/A, Layer: met3
Partial/Required:  1.24, Required:    400.0, Partial:   495.94, Net: _05914_, Pin: _20390_/A, Layer: met3
Partial/Required:  1.24, Required:    400.0, Partial:   494.86, Net: _05926_, Pin: _20408_/A, Layer: met3
Partial/Required:  1.24, Required:    400.0, Partial:    494.1, Net: _09117_, Pin: _14235_/B, Layer: met3
Partial/Required:  1.23, Required:    400.0, Partial:   491.15, Net: _09205_, Pin: _14230_/B, Layer: met3
Partial/Required:  1.23, Required:    400.0, Partial:   491.15, Net: _09205_, Pin: _15136_/B, Layer: met3
Partial/Required:  1.23, Required:    400.0, Partial:   491.15, Net: _09205_, Pin: _14532_/B, Layer: met3
Partial/Required:  1.23, Required:    400.0, Partial:   491.15, Net: _09205_, Pin: _15438_/B, Layer: met3
Partial/Required:  1.23, Required:    400.0, Partial:   491.15, Net: _09205_, Pin: _14834_/B, Layer: met3
Partial/Required:  1.22, Required:    400.0, Partial:   488.93, Net: _05581_, Pin: _19181_/A0, Layer: met3
Partial/Required:  1.22, Required:    400.0, Partial:   488.93, Net: _05581_, Pin: _19238_/A0, Layer: met3
Partial/Required:  1.22, Required:    400.0, Partial:   488.93, Net: _05581_, Pin: _19275_/A0, Layer: met3
Partial/Required:  1.22, Required:    400.0, Partial:   486.67, Net: _08496_, Pin: _24179_/A0, Layer: met1
Partial/Required:  1.20, Required:    400.0, Partial:   478.92, Net: _05864_, Pin: _19690_/A1, Layer: met3
Partial/Required:  1.20, Required:    400.0, Partial:   478.92, Net: _05864_, Pin: _19819_/A1, Layer: met3
Partial/Required:  1.19, Required:    400.0, Partial:   476.22, Net: _10455_, Pin: _15500_/B, Layer: met1
Partial/Required:  1.18, Required:    400.0, Partial:   473.11, Net: _04727_, Pin: _17765_/A1, Layer: met1
Partial/Required:  1.18, Required:    400.0, Partial:   470.54, Net: _09380_, Pin: _14947_/B, Layer: met3
Partial/Required:  1.18, Required:    400.0, Partial:   470.54, Net: _09380_, Pin: _15249_/B, Layer: met3
Partial/Required:  1.17, Required:    400.0, Partial:   467.14, Net: _05738_, Pin: _20445_/A, Layer: met3
Partial/Required:  1.16, Required:    400.0, Partial:   462.98, Net: _06069_, Pin: _20222_/A1, Layer: met3
Partial/Required:  1.16, Required:    400.0, Partial:    462.6, Net: _03886_, Pin: _16515_/A, Layer: met3
Partial/Required:  1.16, Required:    400.0, Partial:   462.22, Net: _07122_, Pin: _21769_/A0, Layer: met1
Partial/Required:  1.15, Required:    400.0, Partial:   459.62, Net: _06213_, Pin: _20785_/A1, Layer: met3
Partial/Required:  1.15, Required:    400.0, Partial:   459.62, Net: _06213_, Pin: _20460_/A1, Layer: met3
Partial/Required:  1.14, Required:    400.0, Partial:   454.48, Net: _06641_, Pin: _21089_/A1, Layer: met3
Partial/Required:  1.12, Required:    400.0, Partial:   449.65, Net: _06628_, Pin: _20966_/A1, Layer: met3
Partial/Required:  1.12, Required:    400.0, Partial:   448.11, Net: _05654_, Pin: _19433_/A0, Layer: met1
Partial/Required:  1.12, Required:    400.0, Partial:   446.81, Net: _09603_, Pin: _14251_/B, Layer: met2
Partial/Required:  1.12, Required:    400.0, Partial:   446.81, Net: _09603_, Pin: _13935_/B, Layer: met2
Partial/Required:  1.11, Required:    400.0, Partial:   445.71, Net: _05471_, Pin: _19082_/A0, Layer: met3
Partial/Required:  1.11, Required:    400.0, Partial:   445.71, Net: _05471_, Pin: _19120_/A0, Layer: met3
Partial/Required:  1.11, Required:    400.0, Partial:   445.71, Net: _05471_, Pin: _19100_/A0, Layer: met3
Partial/Required:  1.11, Required:    400.0, Partial:   445.08, Net: _05297_, Pin: _18781_/A0, Layer: met3
Partial/Required:  1.09, Required:    400.0, Partial:   436.33, Net: _04633_, Pin: _17707_/A1, Layer: met1
Partial/Required:  1.09, Required:    400.0, Partial:    436.0, Net: _09560_, Pin: _13091_/B, Layer: met3
Partial/Required:  1.09, Required:    400.0, Partial:    436.0, Net: _09560_, Pin: _13542_/B, Layer: met3
Partial/Required:  1.09, Required:   2778.2, Partial:  3017.33, Net: _03598_, Pin: _16166_/D, Layer: met5
Partial/Required:  1.08, Required:    400.0, Partial:   431.56, Net: _05384_, Pin: _18913_/A0, Layer: met2
Partial/Required:  1.08, Required:    400.0, Partial:   431.45, Net: _05376_, Pin: _18879_/A0, Layer: met3
Partial/Required:  1.08, Required:    400.0, Partial:   431.45, Net: _05376_, Pin: _18954_/A0, Layer: met3
Partial/Required:  1.08, Required:    400.0, Partial:   431.45, Net: _05376_, Pin: _18838_/A0, Layer: met3
Partial/Required:  1.08, Required:    400.0, Partial:   430.94, Net: _04085_, Pin: _16929_/A1, Layer: met2
Partial/Required:  1.05, Required:    400.0, Partial:   421.83, Net: _09108_, Pin: _12828_/A, Layer: met3
Partial/Required:  1.05, Required:    400.0, Partial:   421.83, Net: _09108_, Pin: _13323_/A, Layer: met3
Partial/Required:  1.05, Required:    400.0, Partial:   421.83, Net: _09108_, Pin: _13416_/A, Layer: met3
Partial/Required:  1.05, Required:    400.0, Partial:   421.77, Net: _05362_, Pin: _18829_/S, Layer: met3
Partial/Required:  1.05, Required:    400.0, Partial:   421.77, Net: _05362_, Pin: _18827_/S, Layer: met3
Partial/Required:  1.05, Required:    400.0, Partial:   421.77, Net: _05362_, Pin: _18814_/A, Layer: met3
Partial/Required:  1.05, Required:    400.0, Partial:   419.61, Net: _08910_, Pin: _12657_/A, Layer: met2
Partial/Required:  1.05, Required:    400.0, Partial:   419.61, Net: _08910_, Pin: _12440_/B, Layer: met2
Partial/Required:  1.05, Required:    400.0, Partial:   419.27, Net: _05277_, Pin: _18829_/A1, Layer: met3
Partial/Required:  1.05, Required:    400.0, Partial:   419.27, Net: _05277_, Pin: _18984_/A1, Layer: met3
Partial/Required:  1.05, Required:    400.0, Partial:   419.27, Net: _05277_, Pin: _18753_/A1, Layer: met3
Partial/Required:  1.05, Required:    400.0, Partial:   419.27, Net: _05277_, Pin: _18909_/A1, Layer: met3
Partial/Required:  1.03, Required:    400.0, Partial:   412.44, Net: _09157_, Pin: _15265_/B, Layer: met1
Partial/Required:  1.03, Required:   2784.8, Partial:  2858.67, Net: _11711_, Pin: _15257_/B, Layer: met5
Partial/Required:  1.02, Required:    400.0, Partial:   409.11, Net: _04630_, Pin: _17584_/A1, Layer: met2
Partial/Required:  1.02, Required:    400.0, Partial:   408.38, Net: _05095_, Pin: _18515_/A1, Layer: met3
Partial/Required:  1.02, Required:    400.0, Partial:   407.05, Net: _06632_, Pin: _22058_/A1, Layer: met3
Partial/Required:  1.02, Required:    400.0, Partial:   407.05, Net: _06632_, Pin: _20974_/A1, Layer: met3
Partial/Required:  1.01, Required:    400.0, Partial:   404.89, Net: _04227_, Pin: _23942_/A1, Layer: met1
Partial/Required:  1.00, Required:    400.0, Partial:   401.06, Net: _08898_, Pin: _13377_/B, Layer: met2
Partial/Required:  1.00, Required:    400.0, Partial:   401.06, Net: _08898_, Pin: _12738_/B, Layer: met2
Partial/Required:  1.00, Required:    400.0, Partial:   401.06, Net: _08898_, Pin: _13742_/B, Layer: met2
