
110. Printing statistics.

=== aslss_soc_top ===

   Number of wires:              15430
   Number of wire bits:          15445
   Number of public wires:        3166
   Number of public wire bits:    3181
   Number of memories:               0
   Number of memory bits:            0
   Number of processes:              0
   Number of cells:              15443
     sky130_fd_sc_hd__a2111o_2      25
     sky130_fd_sc_hd__a2111oi_2      1
     sky130_fd_sc_hd__a21o_2         1
     sky130_fd_sc_hd__a21oi_2       15
     sky130_fd_sc_hd__a221o_2      295
     sky130_fd_sc_hd__a22o_2       242
     sky130_fd_sc_hd__a311o_2       88
     sky130_fd_sc_hd__a31o_2       179
     sky130_fd_sc_hd__a32o_2        96
     sky130_fd_sc_hd__and2_2        76
     sky130_fd_sc_hd__and2b_2        5
     sky130_fd_sc_hd__and3_2      1546
     sky130_fd_sc_hd__and3b_2        3
     sky130_fd_sc_hd__and4_2         3
     sky130_fd_sc_hd__and4b_2       16
     sky130_fd_sc_hd__and4bb_2      16
     sky130_fd_sc_hd__buf_1       5226
     sky130_fd_sc_hd__conb_1         9
     sky130_fd_sc_hd__dfrtp_2       95
     sky130_fd_sc_hd__dfstp_2        3
     sky130_fd_sc_hd__dfxtp_2     3072
     sky130_fd_sc_hd__inv_2        105
     sky130_fd_sc_hd__mux2_2      3101
     sky130_fd_sc_hd__nand2_2       18
     sky130_fd_sc_hd__nand3_2        5
     sky130_fd_sc_hd__nand3b_2       5
     sky130_fd_sc_hd__nand4_2        1
     sky130_fd_sc_hd__nand4b_2       1
     sky130_fd_sc_hd__nor2_2       210
     sky130_fd_sc_hd__nor3_2         2
     sky130_fd_sc_hd__nor3b_2        3
     sky130_fd_sc_hd__nor4_2         2
     sky130_fd_sc_hd__nor4b_2        9
     sky130_fd_sc_hd__o21a_2         8
     sky130_fd_sc_hd__o21ai_2        1
     sky130_fd_sc_hd__o21ba_2        1
     sky130_fd_sc_hd__o22a_2         1
     sky130_fd_sc_hd__o2bb2a_2       1
     sky130_fd_sc_hd__o31ai_2        1
     sky130_fd_sc_hd__o32a_2         8
     sky130_fd_sc_hd__or2_2        295
     sky130_fd_sc_hd__or2b_2         8
     sky130_fd_sc_hd__or3_2         27
     sky130_fd_sc_hd__or3b_2        25
     sky130_fd_sc_hd__or4_2        563
     sky130_fd_sc_hd__or4b_2        10
     sky130_fd_sc_hd__or4bb_2        8
     sky130_fd_sc_hd__xnor2_2        4
     sky130_fd_sc_hd__xor2_2         8

   Chip area for module '\aslss_soc_top': 155048.704000

