
===========================================================================
report_checks -unconstrained
===========================================================================
======================= Fastest Corner ===================================

Startpoint: _27688_ (rising edge-triggered flip-flop clocked by core_clk)
Endpoint: debug_valid (output port clocked by core_clk)
Path Group: core_clk
Path Type: max
Corner: Fastest

Fanout     Cap    Slew   Delay    Time   Description
-----------------------------------------------------------------------------
                          0.00    0.00   clock core_clk (rise edge)
                          0.00    0.00   clock source latency
                  0.56    0.39    0.39 ^ clk (in)
     3    0.09                           clk (net)
                  0.56    0.00    0.39 ^ clkbuf_0_clk/A (sky130_fd_sc_hd__clkbuf_16)
                  0.13    0.21    0.61 ^ clkbuf_0_clk/X (sky130_fd_sc_hd__clkbuf_16)
     4    0.15                           clknet_0_clk (net)
                  0.13    0.01    0.61 ^ clkbuf_2_1_0_clk/A (sky130_fd_sc_hd__clkbuf_8)
                  0.19    0.22    0.83 ^ clkbuf_2_1_0_clk/X (sky130_fd_sc_hd__clkbuf_8)
     8    0.14                           clknet_2_1_0_clk (net)
                  0.19    0.00    0.83 ^ clkbuf_5_12__f_clk/A (sky130_fd_sc_hd__clkbuf_16)
                  0.10    0.17    1.00 ^ clkbuf_5_12__f_clk/X (sky130_fd_sc_hd__clkbuf_16)
     9    0.11                           clknet_5_12__leaf_clk (net)
                  0.10    0.00    1.01 ^ clkbuf_leaf_253_clk/A (sky130_fd_sc_hd__clkbuf_16)
                  0.05    0.12    1.13 ^ clkbuf_leaf_253_clk/X (sky130_fd_sc_hd__clkbuf_16)
    15    0.05                           clknet_leaf_253_clk (net)
                  0.05    0.00    1.13 ^ _27688_/CLK (sky130_fd_sc_hd__dfrtp_1)
                  0.04    0.24    1.37 v _27688_/Q (sky130_fd_sc_hd__dfrtp_1)
     2    0.01                           hypo.observation_valid (net)
                  0.04    0.00    1.37 v _16712_/B (sky130_fd_sc_hd__or2_4)
                  0.09    0.21    1.58 v _16712_/X (sky130_fd_sc_hd__or2_4)
     7    0.07                           _04100_ (net)
                  0.09    0.00    1.58 v _16713_/A (sky130_fd_sc_hd__buf_2)
                  0.06    0.14    1.72 v _16713_/X (sky130_fd_sc_hd__buf_2)
     1    0.03                           net10 (net)
                  0.07    0.01    1.73 v output10/A (sky130_fd_sc_hd__buf_4)
                  0.06    0.14    1.87 v output10/X (sky130_fd_sc_hd__buf_4)
     1    0.05                           debug_valid (net)
                  0.06    0.00    1.87 v debug_valid (out)
                                  1.87   data arrival time

                         10.00   10.00   clock core_clk (rise edge)
                          0.00   10.00   clock network delay (propagated)
                         -0.10    9.90   clock uncertainty
                          0.00    9.90   clock reconvergence pessimism
                         -2.00    7.90   output external delay
                                  7.90   data required time
-----------------------------------------------------------------------------
                                  7.90   data required time
                                 -1.87   data arrival time
-----------------------------------------------------------------------------
                                  6.03   slack (MET)



======================= Slowest Corner ===================================

Startpoint: _27665_ (rising edge-triggered flip-flop clocked by core_clk)
Endpoint: _27672_ (rising edge-triggered flip-flop clocked by core_clk)
Path Group: core_clk
Path Type: max
Corner: Slowest

Fanout     Cap    Slew   Delay    Time   Description
-----------------------------------------------------------------------------
                          0.00    0.00   clock core_clk (rise edge)
                          0.00    0.00   clock source latency
                  1.12    0.79    0.79 ^ clk (in)
     3    0.09                           clk (net)
                  1.12    0.00    0.79 ^ clkbuf_0_clk/A (sky130_fd_sc_hd__clkbuf_16)
                  0.26    0.74    1.53 ^ clkbuf_0_clk/X (sky130_fd_sc_hd__clkbuf_16)
     4    0.15                           clknet_0_clk (net)
                  0.26    0.01    1.54 ^ clkbuf_2_3_0_clk/A (sky130_fd_sc_hd__clkbuf_8)
                  0.44    0.59    2.13 ^ clkbuf_2_3_0_clk/X (sky130_fd_sc_hd__clkbuf_8)
     8    0.17                           clknet_2_3_0_clk (net)
                  0.44    0.00    2.14 ^ clkbuf_5_25__f_clk/A (sky130_fd_sc_hd__clkbuf_16)
                  0.23    0.51    2.65 ^ clkbuf_5_25__f_clk/X (sky130_fd_sc_hd__clkbuf_16)
    10    0.14                           clknet_5_25__leaf_clk (net)
                  0.23    0.00    2.65 ^ clkbuf_leaf_120_clk/A (sky130_fd_sc_hd__clkbuf_16)
                  0.06    0.29    2.94 ^ clkbuf_leaf_120_clk/X (sky130_fd_sc_hd__clkbuf_16)
     5    0.02                           clknet_leaf_120_clk (net)
                  0.06    0.00    2.94 ^ _27665_/CLK (sky130_fd_sc_hd__dfrtp_1)
                  0.27    0.79    3.74 ^ _27665_/Q (sky130_fd_sc_hd__dfrtp_1)
     5    0.02                           sensors.spectroscopy.read_ptr[2] (net)
                  0.27    0.00    3.74 ^ _12306_/A (sky130_fd_sc_hd__buf_1)
                  0.30    0.39    4.13 ^ _12306_/X (sky130_fd_sc_hd__buf_1)
     6    0.02                           _08777_ (net)
                  0.30    0.00    4.13 ^ _12315_/B_N (sky130_fd_sc_hd__and4bb_2)
                  0.26    0.78    4.91 v _12315_/X (sky130_fd_sc_hd__and4bb_2)
     6    0.05                           _08786_ (net)
                  0.26    0.00    4.91 v _12411_/A (sky130_fd_sc_hd__clkbuf_4)
                  0.30    0.54    5.44 v _12411_/X (sky130_fd_sc_hd__clkbuf_4)
     6    0.08                           _08882_ (net)
                  0.30    0.00    5.45 v _13019_/A (sky130_fd_sc_hd__buf_2)
                  0.22    0.49    5.94 v _13019_/X (sky130_fd_sc_hd__buf_2)
     6    0.05                           _09490_ (net)
                  0.22    0.00    5.94 v _15202_/B (sky130_fd_sc_hd__and3_1)
                  0.07    0.39    6.33 v _15202_/X (sky130_fd_sc_hd__and3_1)
     1    0.00                           _11667_ (net)
                  0.07    0.00    6.33 v _15206_/A (sky130_fd_sc_hd__or4_1)
                  0.31    1.40    7.74 v _15206_/X (sky130_fd_sc_hd__or4_1)
     1    0.01                           _11671_ (net)
                  0.31    0.00    7.74 v _15207_/D (sky130_fd_sc_hd__or4_2)
                  0.56    1.92    9.65 v _15207_/X (sky130_fd_sc_hd__or4_2)
     2    0.07                           _11672_ (net)
                  0.56    0.01    9.66 v _15208_/D (sky130_fd_sc_hd__or4_4)
                  0.26    1.19   10.85 v _15208_/X (sky130_fd_sc_hd__or4_4)
     1    0.04                           _11673_ (net)
                  0.26    0.00   10.85 v _15209_/D (sky130_fd_sc_hd__or4_1)
                  0.34    1.25   12.10 v _15209_/X (sky130_fd_sc_hd__or4_1)
     1    0.02                           _11674_ (net)
                  0.34    0.00   12.10 v _15210_/A3 (sky130_fd_sc_hd__o32a_1)
                  0.16    0.69   12.79 v _15210_/X (sky130_fd_sc_hd__o32a_1)
     1    0.01                           _11675_ (net)
                  0.16    0.00   12.79 v _15211_/A1 (sky130_fd_sc_hd__mux2_1)
                  0.11    0.69   13.48 v _15211_/X (sky130_fd_sc_hd__mux2_1)
     1    0.00                           _11676_ (net)
                  0.11    0.00   13.48 v _15212_/A (sky130_fd_sc_hd__clkbuf_1)
                  0.05    0.18   13.66 v _15212_/X (sky130_fd_sc_hd__clkbuf_1)
     1    0.00                           _03247_ (net)
                  0.05    0.00   13.66 v _27672_/D (sky130_fd_sc_hd__dfrtp_1)
                                 13.66   data arrival time

                         10.00   10.00   clock core_clk (rise edge)
                          0.00   10.00   clock source latency
                  1.12    0.79   10.79 ^ clk (in)
     3    0.09                           clk (net)
                  1.12    0.00   10.79 ^ clkbuf_0_clk/A (sky130_fd_sc_hd__clkbuf_16)
                  0.26    0.74   11.53 ^ clkbuf_0_clk/X (sky130_fd_sc_hd__clkbuf_16)
     4    0.15                           clknet_0_clk (net)
                  0.26    0.01   11.54 ^ clkbuf_2_1_0_clk/A (sky130_fd_sc_hd__clkbuf_8)
                  0.37    0.54   12.08 ^ clkbuf_2_1_0_clk/X (sky130_fd_sc_hd__clkbuf_8)
     8    0.14                           clknet_2_1_0_clk (net)
                  0.37    0.00   12.09 ^ clkbuf_5_12__f_clk/A (sky130_fd_sc_hd__clkbuf_16)
                  0.19    0.46   12.55 ^ clkbuf_5_12__f_clk/X (sky130_fd_sc_hd__clkbuf_16)
     9    0.11                           clknet_5_12__leaf_clk (net)
                  0.19    0.00   12.55 ^ clkbuf_leaf_209_clk/A (sky130_fd_sc_hd__clkbuf_16)
                  0.08    0.29   12.84 ^ clkbuf_leaf_209_clk/X (sky130_fd_sc_hd__clkbuf_16)
     9    0.03                           clknet_leaf_209_clk (net)
                  0.08    0.00   12.84 ^ _27672_/CLK (sky130_fd_sc_hd__dfrtp_1)
                         -0.10   12.74   clock uncertainty
                          0.00   12.74   clock reconvergence pessimism
                         -0.26   12.47   library setup time
                                 12.47   data required time
-----------------------------------------------------------------------------
                                 12.47   data required time
                                -13.66   data arrival time
-----------------------------------------------------------------------------
                                 -1.18   slack (VIOLATED)



======================= Typical Corner ===================================

Startpoint: _27665_ (rising edge-triggered flip-flop clocked by core_clk)
Endpoint: _27675_ (rising edge-triggered flip-flop clocked by core_clk)
Path Group: core_clk
Path Type: max
Corner: Typical

Fanout     Cap    Slew   Delay    Time   Description
-----------------------------------------------------------------------------
                          0.00    0.00   clock core_clk (rise edge)
                          0.00    0.00   clock source latency
                  0.74    0.52    0.52 ^ clk (in)
     3    0.09                           clk (net)
                  0.74    0.00    0.52 ^ clkbuf_0_clk/A (sky130_fd_sc_hd__clkbuf_16)
                  0.17    0.37    0.89 ^ clkbuf_0_clk/X (sky130_fd_sc_hd__clkbuf_16)
     4    0.15                           clknet_0_clk (net)
                  0.17    0.01    0.90 ^ clkbuf_2_3_0_clk/A (sky130_fd_sc_hd__clkbuf_8)
                  0.28    0.35    1.25 ^ clkbuf_2_3_0_clk/X (sky130_fd_sc_hd__clkbuf_8)
     8    0.17                           clknet_2_3_0_clk (net)
                  0.28    0.00    1.25 ^ clkbuf_5_25__f_clk/A (sky130_fd_sc_hd__clkbuf_16)
                  0.15    0.29    1.54 ^ clkbuf_5_25__f_clk/X (sky130_fd_sc_hd__clkbuf_16)
    10    0.14                           clknet_5_25__leaf_clk (net)
                  0.15    0.00    1.54 ^ clkbuf_leaf_120_clk/A (sky130_fd_sc_hd__clkbuf_16)
                  0.04    0.16    1.70 ^ clkbuf_leaf_120_clk/X (sky130_fd_sc_hd__clkbuf_16)
     5    0.02                           clknet_leaf_120_clk (net)
                  0.04    0.00    1.70 ^ _27665_/CLK (sky130_fd_sc_hd__dfrtp_1)
                  0.17    0.41    2.11 ^ _27665_/Q (sky130_fd_sc_hd__dfrtp_1)
     5    0.02                           sensors.spectroscopy.read_ptr[2] (net)
                  0.17    0.00    2.11 ^ _12306_/A (sky130_fd_sc_hd__buf_1)
                  0.19    0.21    2.33 ^ _12306_/X (sky130_fd_sc_hd__buf_1)
     6    0.02                           _08777_ (net)
                  0.19    0.00    2.33 ^ _12315_/B_N (sky130_fd_sc_hd__and4bb_2)
                  0.13    0.37    2.69 v _12315_/X (sky130_fd_sc_hd__and4bb_2)
     6    0.05                           _08786_ (net)
                  0.13    0.00    2.70 v _12411_/A (sky130_fd_sc_hd__clkbuf_4)
                  0.17    0.29    2.99 v _12411_/X (sky130_fd_sc_hd__clkbuf_4)
     6    0.08                           _08882_ (net)
                  0.17    0.00    2.99 v _12412_/A (sky130_fd_sc_hd__dlymetal6s2s_1)
                  0.11    0.25    3.25 v _12412_/X (sky130_fd_sc_hd__dlymetal6s2s_1)
     6    0.02                           _08883_ (net)
                  0.11    0.00    3.25 v _14296_/B (sky130_fd_sc_hd__and3_1)
                  0.03    0.18    3.43 v _14296_/X (sky130_fd_sc_hd__and3_1)
     1    0.00                           _10764_ (net)
                  0.03    0.00    3.43 v _14300_/A (sky130_fd_sc_hd__or4_2)
                  0.15    0.74    4.17 v _14300_/X (sky130_fd_sc_hd__or4_2)
     1    0.02                           _10768_ (net)
                  0.15    0.00    4.17 v _14301_/D (sky130_fd_sc_hd__or4_4)
                  0.19    0.60    4.77 v _14301_/X (sky130_fd_sc_hd__or4_4)
     3    0.08                           _10769_ (net)
                  0.19    0.00    4.77 v _14302_/D (sky130_fd_sc_hd__or4_2)
                  0.21    0.74    5.51 v _14302_/X (sky130_fd_sc_hd__or4_2)
     1    0.04                           _10770_ (net)
                  0.21    0.00    5.51 v _14303_/D (sky130_fd_sc_hd__or4_4)
                  0.12    0.53    6.04 v _14303_/X (sky130_fd_sc_hd__or4_4)
     1    0.03                           _10771_ (net)
                  0.12    0.00    6.04 v _14304_/A3 (sky130_fd_sc_hd__o32a_1)
                  0.07    0.33    6.37 v _14304_/X (sky130_fd_sc_hd__o32a_1)
     1    0.01                           _10772_ (net)
                  0.07    0.00    6.37 v _14305_/A1 (sky130_fd_sc_hd__mux2_1)
                  0.06    0.30    6.67 v _14305_/X (sky130_fd_sc_hd__mux2_1)
     1    0.00                           _10773_ (net)
                  0.06    0.00    6.67 v _14306_/A (sky130_fd_sc_hd__clkbuf_1)
                  0.02    0.09    6.76 v _14306_/X (sky130_fd_sc_hd__clkbuf_1)
     1    0.00                           _03250_ (net)
                  0.02    0.00    6.76 v _27675_/D (sky130_fd_sc_hd__dfrtp_1)
                                  6.76   data arrival time

                         10.00   10.00   clock core_clk (rise edge)
                          0.00   10.00   clock source latency
                  0.74    0.52   10.52 ^ clk (in)
     3    0.09                           clk (net)
                  0.74    0.00   10.52 ^ clkbuf_0_clk/A (sky130_fd_sc_hd__clkbuf_16)
                  0.17    0.37   10.89 ^ clkbuf_0_clk/X (sky130_fd_sc_hd__clkbuf_16)
     4    0.15                           clknet_0_clk (net)
                  0.17    0.01   10.90 ^ clkbuf_2_1_0_clk/A (sky130_fd_sc_hd__clkbuf_8)
                  0.24    0.32   11.21 ^ clkbuf_2_1_0_clk/X (sky130_fd_sc_hd__clkbuf_8)
     8    0.14                           clknet_2_1_0_clk (net)
                  0.24    0.00   11.22 ^ clkbuf_5_14__f_clk/A (sky130_fd_sc_hd__clkbuf_16)
                  0.12    0.25   11.47 ^ clkbuf_5_14__f_clk/X (sky130_fd_sc_hd__clkbuf_16)
     9    0.10                           clknet_5_14__leaf_clk (net)
                  0.12    0.00   11.47 ^ clkbuf_leaf_215_clk/A (sky130_fd_sc_hd__clkbuf_16)
                  0.06    0.17   11.64 ^ clkbuf_leaf_215_clk/X (sky130_fd_sc_hd__clkbuf_16)
    13    0.04                           clknet_leaf_215_clk (net)
                  0.06    0.00   11.64 ^ _27675_/CLK (sky130_fd_sc_hd__dfrtp_1)
                         -0.10   11.54   clock uncertainty
                          0.00   11.54   clock reconvergence pessimism
                         -0.10   11.44   library setup time
                                 11.44   data required time
-----------------------------------------------------------------------------
                                 11.44   data required time
                                 -6.76   data arrival time
-----------------------------------------------------------------------------
                                  4.67   slack (MET)




===========================================================================
report_checks --slack_max -0.01
============================================================================
======================= Fastest Corner ===================================

No paths found.

======================= Slowest Corner ===================================

Startpoint: _27665_ (rising edge-triggered flip-flop clocked by core_clk)
Endpoint: _27672_ (rising edge-triggered flip-flop clocked by core_clk)
Path Group: core_clk
Path Type: max
Corner: Slowest

Fanout     Cap    Slew   Delay    Time   Description
-----------------------------------------------------------------------------
                          0.00    0.00   clock core_clk (rise edge)
                          0.00    0.00   clock source latency
                  1.12    0.79    0.79 ^ clk (in)
     3    0.09                           clk (net)
                  1.12    0.00    0.79 ^ clkbuf_0_clk/A (sky130_fd_sc_hd__clkbuf_16)
                  0.26    0.74    1.53 ^ clkbuf_0_clk/X (sky130_fd_sc_hd__clkbuf_16)
     4    0.15                           clknet_0_clk (net)
                  0.26    0.01    1.54 ^ clkbuf_2_3_0_clk/A (sky130_fd_sc_hd__clkbuf_8)
                  0.44    0.59    2.13 ^ clkbuf_2_3_0_clk/X (sky130_fd_sc_hd__clkbuf_8)
     8    0.17                           clknet_2_3_0_clk (net)
                  0.44    0.00    2.14 ^ clkbuf_5_25__f_clk/A (sky130_fd_sc_hd__clkbuf_16)
                  0.23    0.51    2.65 ^ clkbuf_5_25__f_clk/X (sky130_fd_sc_hd__clkbuf_16)
    10    0.14                           clknet_5_25__leaf_clk (net)
                  0.23    0.00    2.65 ^ clkbuf_leaf_120_clk/A (sky130_fd_sc_hd__clkbuf_16)
                  0.06    0.29    2.94 ^ clkbuf_leaf_120_clk/X (sky130_fd_sc_hd__clkbuf_16)
     5    0.02                           clknet_leaf_120_clk (net)
                  0.06    0.00    2.94 ^ _27665_/CLK (sky130_fd_sc_hd__dfrtp_1)
                  0.27    0.79    3.74 ^ _27665_/Q (sky130_fd_sc_hd__dfrtp_1)
     5    0.02                           sensors.spectroscopy.read_ptr[2] (net)
                  0.27    0.00    3.74 ^ _12306_/A (sky130_fd_sc_hd__buf_1)
                  0.30    0.39    4.13 ^ _12306_/X (sky130_fd_sc_hd__buf_1)
     6    0.02                           _08777_ (net)
                  0.30    0.00    4.13 ^ _12315_/B_N (sky130_fd_sc_hd__and4bb_2)
                  0.26    0.78    4.91 v _12315_/X (sky130_fd_sc_hd__and4bb_2)
     6    0.05                           _08786_ (net)
                  0.26    0.00    4.91 v _12411_/A (sky130_fd_sc_hd__clkbuf_4)
                  0.30    0.54    5.44 v _12411_/X (sky130_fd_sc_hd__clkbuf_4)
     6    0.08                           _08882_ (net)
                  0.30    0.00    5.45 v _13019_/A (sky130_fd_sc_hd__buf_2)
                  0.22    0.49    5.94 v _13019_/X (sky130_fd_sc_hd__buf_2)
     6    0.05                           _09490_ (net)
                  0.22    0.00    5.94 v _15202_/B (sky130_fd_sc_hd__and3_1)
                  0.07    0.39    6.33 v _15202_/X (sky130_fd_sc_hd__and3_1)
     1    0.00                           _11667_ (net)
                  0.07    0.00    6.33 v _15206_/A (sky130_fd_sc_hd__or4_1)
                  0.31    1.40    7.74 v _15206_/X (sky130_fd_sc_hd__or4_1)
     1    0.01                           _11671_ (net)
                  0.31    0.00    7.74 v _15207_/D (sky130_fd_sc_hd__or4_2)
                  0.56    1.92    9.65 v _15207_/X (sky130_fd_sc_hd__or4_2)
     2    0.07                           _11672_ (net)
                  0.56    0.01    9.66 v _15208_/D (sky130_fd_sc_hd__or4_4)
                  0.26    1.19   10.85 v _15208_/X (sky130_fd_sc_hd__or4_4)
     1    0.04                           _11673_ (net)
                  0.26    0.00   10.85 v _15209_/D (sky130_fd_sc_hd__or4_1)
                  0.34    1.25   12.10 v _15209_/X (sky130_fd_sc_hd__or4_1)
     1    0.02                           _11674_ (net)
                  0.34    0.00   12.10 v _15210_/A3 (sky130_fd_sc_hd__o32a_1)
                  0.16    0.69   12.79 v _15210_/X (sky130_fd_sc_hd__o32a_1)
     1    0.01                           _11675_ (net)
                  0.16    0.00   12.79 v _15211_/A1 (sky130_fd_sc_hd__mux2_1)
                  0.11    0.69   13.48 v _15211_/X (sky130_fd_sc_hd__mux2_1)
     1    0.00                           _11676_ (net)
                  0.11    0.00   13.48 v _15212_/A (sky130_fd_sc_hd__clkbuf_1)
                  0.05    0.18   13.66 v _15212_/X (sky130_fd_sc_hd__clkbuf_1)
     1    0.00                           _03247_ (net)
                  0.05    0.00   13.66 v _27672_/D (sky130_fd_sc_hd__dfrtp_1)
                                 13.66   data arrival time

                         10.00   10.00   clock core_clk (rise edge)
                          0.00   10.00   clock source latency
                  1.12    0.79   10.79 ^ clk (in)
     3    0.09                           clk (net)
                  1.12    0.00   10.79 ^ clkbuf_0_clk/A (sky130_fd_sc_hd__clkbuf_16)
                  0.26    0.74   11.53 ^ clkbuf_0_clk/X (sky130_fd_sc_hd__clkbuf_16)
     4    0.15                           clknet_0_clk (net)
                  0.26    0.01   11.54 ^ clkbuf_2_1_0_clk/A (sky130_fd_sc_hd__clkbuf_8)
                  0.37    0.54   12.08 ^ clkbuf_2_1_0_clk/X (sky130_fd_sc_hd__clkbuf_8)
     8    0.14                           clknet_2_1_0_clk (net)
                  0.37    0.00   12.09 ^ clkbuf_5_12__f_clk/A (sky130_fd_sc_hd__clkbuf_16)
                  0.19    0.46   12.55 ^ clkbuf_5_12__f_clk/X (sky130_fd_sc_hd__clkbuf_16)
     9    0.11                           clknet_5_12__leaf_clk (net)
                  0.19    0.00   12.55 ^ clkbuf_leaf_209_clk/A (sky130_fd_sc_hd__clkbuf_16)
                  0.08    0.29   12.84 ^ clkbuf_leaf_209_clk/X (sky130_fd_sc_hd__clkbuf_16)
     9    0.03                           clknet_leaf_209_clk (net)
                  0.08    0.00   12.84 ^ _27672_/CLK (sky130_fd_sc_hd__dfrtp_1)
                         -0.10   12.74   clock uncertainty
                          0.00   12.74   clock reconvergence pessimism
                         -0.26   12.47   library setup time
                                 12.47   data required time
-----------------------------------------------------------------------------
                                 12.47   data required time
                                -13.66   data arrival time
-----------------------------------------------------------------------------
                                 -1.18   slack (VIOLATED)



======================= Typical Corner ===================================

No paths found.


===========================================================================
 report_check_types -max_slew -max_cap -max_fanout -violators
============================================================================
======================= Fastest Corner ===================================


======================= Slowest Corner ===================================

max slew

Pin                                    Limit    Slew   Slack
------------------------------------------------------------
_15645_/Y                               1.49    2.73   -1.24 (VIOLATED)
_15734_/B                               1.50    2.73   -1.23 (VIOLATED)
ANTENNA_390/DIODE                       1.50    2.73   -1.23 (VIOLATED)
ANTENNA_392/DIODE                       1.50    2.73   -1.23 (VIOLATED)
_15646_/A                               1.50    2.73   -1.23 (VIOLATED)
_15824_/B                               1.50    2.73   -1.23 (VIOLATED)
ANTENNA_391/DIODE                       1.50    2.73   -1.23 (VIOLATED)
_15837_/D                               1.50    2.73   -1.23 (VIOLATED)
_12507_/Y                               1.49    1.52   -0.02 (VIOLATED)
_12516_/A                               1.50    1.52   -0.02 (VIOLATED)
_13380_/A                               1.50    1.52   -0.02 (VIOLATED)
_12561_/A                               1.50    1.52   -0.02 (VIOLATED)
_12737_/A                               1.50    1.52   -0.02 (VIOLATED)
_12750_/A                               1.50    1.52   -0.02 (VIOLATED)
_12508_/A                               1.50    1.52   -0.02 (VIOLATED)

max capacitance

Pin                                    Limit     Cap   Slack
------------------------------------------------------------
_15645_/Y                               0.07    0.13   -0.07 (VIOLATED)
_12507_/Y                               0.07    0.07   -0.00 (VIOLATED)


======================= Typical Corner ===================================

max slew

Pin                                    Limit    Slew   Slack
------------------------------------------------------------
_15645_/Y                               1.49    1.68   -0.18 (VIOLATED)
_15734_/B                               1.50    1.68   -0.18 (VIOLATED)
ANTENNA_392/DIODE                       1.50    1.68   -0.18 (VIOLATED)
_15646_/A                               1.50    1.68   -0.18 (VIOLATED)
ANTENNA_390/DIODE                       1.50    1.68   -0.18 (VIOLATED)
_15824_/B                               1.50    1.68   -0.18 (VIOLATED)
ANTENNA_391/DIODE                       1.50    1.68   -0.18 (VIOLATED)
_15837_/D                               1.50    1.68   -0.18 (VIOLATED)

max capacitance

Pin                                    Limit     Cap   Slack
------------------------------------------------------------
_15645_/Y                               0.11    0.13   -0.02 (VIOLATED)



===========================================================================
report_parasitic_annotation -report_unannotated
============================================================================
Found 9 unannotated drivers.
 _27689__19/LO
 aslss_soc_top_11/HI
 aslss_soc_top_12/HI
 aslss_soc_top_13/HI
 aslss_soc_top_14/HI
 aslss_soc_top_15/HI
 aslss_soc_top_16/HI
 aslss_soc_top_17/HI
 aslss_soc_top_18/HI
Found 0 partially unannotated drivers.

===========================================================================
max slew violation count 15
max fanout violation count 0
max cap violation count 2
============================================================================

===========================================================================
check_setup -verbose -unconstrained_endpoints -multiple_clock -no_clock -no_input_delay -loops -generated_clocks
===========================================================================
Warning: There are 9 unconstrained endpoints.
  debug_out[0]
  debug_out[1]
  debug_out[2]
  debug_out[3]
  debug_out[4]
  debug_out[5]
  debug_out[6]
  debug_out[7]
  _27689_/D
