
===========================================================================
 report_power
============================================================================
======================= Fastest Corner ===================================

Group                  Internal  Switching    Leakage      Total
                          Power      Power      Power      Power (Watts)
----------------------------------------------------------------
Sequential             1.67e-02   1.26e-03   5.16e-07   1.80e-02  42.6%
Combinational          1.06e-02   1.36e-02   9.94e-08   2.43e-02  57.4%
Macro                  0.00e+00   0.00e+00   0.00e+00   0.00e+00   0.0%
Pad                    0.00e+00   0.00e+00   0.00e+00   0.00e+00   0.0%
----------------------------------------------------------------
Total                  2.74e-02   1.49e-02   6.15e-07   4.22e-02 100.0%
                          64.8%      35.2%       0.0%

======================= Slowest Corner ===================================

Group                  Internal  Switching    Leakage      Total
                          Power      Power      Power      Power (Watts)
----------------------------------------------------------------
Sequential             1.13e-02   8.21e-04   4.69e-05   1.21e-02  42.3%
Combinational          7.64e-03   8.88e-03   6.95e-05   1.66e-02  57.7%
Macro                  0.00e+00   0.00e+00   0.00e+00   0.00e+00   0.0%
Pad                    0.00e+00   0.00e+00   0.00e+00   0.00e+00   0.0%
----------------------------------------------------------------
Total                  1.89e-02   9.71e-03   1.16e-04   2.87e-02 100.0%
                          65.8%      33.8%       0.4%

======================= Typical Corner ===================================

Group                  Internal  Switching    Leakage      Total
                          Power      Power      Power      Power (Watts)
----------------------------------------------------------------
Sequential             1.44e-02   1.05e-03   4.97e-07   1.55e-02  42.6%
Combinational          9.38e-03   1.15e-02   6.95e-08   2.08e-02  57.4%
Macro                  0.00e+00   0.00e+00   0.00e+00   0.00e+00   0.0%
Pad                    0.00e+00   0.00e+00   0.00e+00   0.00e+00   0.0%
----------------------------------------------------------------
Total                  2.38e-02   1.25e-02   5.66e-07   3.63e-02 100.0%
                          65.6%      34.4%       0.0%

