
===========================================================================
 report_power
============================================================================
======================= Fastest Corner ===================================

Group                  Internal  Switching    Leakage      Total
                          Power      Power      Power      Power (Watts)
----------------------------------------------------------------
Sequential             1.67e-02   1.40e-03   5.16e-07   1.81e-02  40.8%
Combinational          1.07e-02   1.57e-02   9.94e-08   2.63e-02  59.2%
Macro                  0.00e+00   0.00e+00   0.00e+00   0.00e+00   0.0%
Pad                    0.00e+00   0.00e+00   0.00e+00   0.00e+00   0.0%
----------------------------------------------------------------
Total                  2.74e-02   1.71e-02   6.15e-07   4.44e-02 100.0%
                          61.6%      38.4%       0.0%

======================= Slowest Corner ===================================

Group                  Internal  Switching    Leakage      Total
                          Power      Power      Power      Power (Watts)
----------------------------------------------------------------
Sequential             1.13e-02   9.18e-04   4.69e-05   1.22e-02  40.5%
Combinational          7.65e-03   1.03e-02   6.95e-05   1.80e-02  59.5%
Macro                  0.00e+00   0.00e+00   0.00e+00   0.00e+00   0.0%
Pad                    0.00e+00   0.00e+00   0.00e+00   0.00e+00   0.0%
----------------------------------------------------------------
Total                  1.89e-02   1.12e-02   1.16e-04   3.02e-02 100.0%
                          62.6%      37.0%       0.4%

======================= Typical Corner ===================================

Group                  Internal  Switching    Leakage      Total
                          Power      Power      Power      Power (Watts)
----------------------------------------------------------------
Sequential             1.44e-02   1.17e-03   4.97e-07   1.56e-02  40.9%
Combinational          9.39e-03   1.32e-02   6.95e-08   2.26e-02  59.1%
Macro                  0.00e+00   0.00e+00   0.00e+00   0.00e+00   0.0%
Pad                    0.00e+00   0.00e+00   0.00e+00   0.00e+00   0.0%
----------------------------------------------------------------
Total                  2.38e-02   1.44e-02   5.66e-07   3.82e-02 100.0%
                          62.4%      37.6%       0.0%

